[debug] [2018-06-03T22:45:45.805Z] ----------------------------------------------------------------------
[debug] [2018-06-03T22:45:45.808Z] Command:       C:\Program Files\nodejs\node.exe C:\Users\Z-YMAMA\AppData\Roaming\npm\node_modules\firebase-tools\bin\firebase deploy
[debug] [2018-06-03T22:45:45.808Z] CLI Version:   3.18.5
[debug] [2018-06-03T22:45:45.808Z] Platform:      win32
[debug] [2018-06-03T22:45:45.808Z] Node Version:  v8.11.2
[debug] [2018-06-03T22:45:45.809Z] Time:          Mon Jun 04 2018 01:45:45 GMT+0300 (Arab Standard Time)
[debug] [2018-06-03T22:45:45.809Z] ----------------------------------------------------------------------
[debug] 
[debug] [2018-06-03T22:45:45.819Z] > command requires scopes: ["email","openid","https://www.googleapis.com/auth/cloudplatformprojects.readonly","https://www.googleapis.com/auth/firebase","https://www.googleapis.com/auth/cloud-platform"]
[debug] [2018-06-03T22:45:45.819Z] > authorizing via signed-in user
[debug] [2018-06-03T22:45:45.821Z] >>> HTTP REQUEST GET https://admin.firebase.com/v1/projects/misurata-university-guide  
  
 Mon Jun 04 2018 01:45:45 GMT+0300 (Arab Standard Time)
[debug] [2018-06-03T22:45:46.885Z] <<< HTTP RESPONSE 200
[debug] [2018-06-03T22:45:46.887Z] >>> HTTP REQUEST GET https://admin.firebase.com/v1/database/misurata-university-guide/tokens  
  
 Mon Jun 04 2018 01:45:46 GMT+0300 (Arab Standard Time)
[debug] [2018-06-03T22:45:47.688Z] <<< HTTP RESPONSE 200
[info] 
[info] === Deploying to 'misurata-university-guide'...
[info] 
[info] i  deploying functions
[info] Running command: npm --prefix "$RESOURCE_DIR" run lint
[info] +  functions: Finished running predeploy script.
[debug] [2018-06-03T22:45:57.355Z] > [functions] package.json contents: {
  "name": "functions",
  "description": "Cloud Functions for Firebase",
  "scripts": {
    "lint": "eslint .",
    "serve": "firebase serve --only functions",
    "shell": "firebase functions:shell",
    "start": "npm run shell",
    "deploy": "firebase deploy --only functions",
    "logs": "firebase functions:log"
  },
  "dependencies": {
    "firebase-admin": "~5.12.1",
    "firebase-functions": "^1.0.3"
  },
  "devDependencies": {
    "eslint": "^4.12.0",
    "eslint-plugin-promise": "^3.6.0"
  },
  "private": true
}
[info] i  functions: ensuring necessary APIs are enabled...
[debug] [2018-06-03T22:45:57.357Z] >>> HTTP REQUEST GET https://servicemanagement.googleapis.com/v1/services/cloudfunctions.googleapis.com/projectSettings/misurata-university-guide?view=CONSUMER_VIEW  
  
 Mon Jun 04 2018 01:45:57 GMT+0300 (Arab Standard Time)
[debug] [2018-06-03T22:45:57.358Z] >>> HTTP REQUEST GET https://servicemanagement.googleapis.com/v1/services/runtimeconfig.googleapis.com/projectSettings/misurata-university-guide?view=CONSUMER_VIEW  
  
 Mon Jun 04 2018 01:45:57 GMT+0300 (Arab Standard Time)
[debug] [2018-06-03T22:45:58.876Z] <<< HTTP RESPONSE 200
[debug] [2018-06-03T22:45:59.072Z] <<< HTTP RESPONSE 200
[info] +  functions: all necessary APIs are enabled
[debug] [2018-06-03T22:45:59.074Z] >>> HTTP REQUEST GET https://cloudresourcemanager.googleapis.com/v1/projects/misurata-university-guide  
  
 Mon Jun 04 2018 01:45:59 GMT+0300 (Arab Standard Time)
[debug] [2018-06-03T22:46:00.355Z] <<< HTTP RESPONSE 200
[debug] [2018-06-03T22:46:00.355Z] >>> HTTP REQUEST GET https://mobilesdk-pa.googleapis.com/v1/projects/901376688285:getServerAppConfig  
  
 Mon Jun 04 2018 01:46:00 GMT+0300 (Arab Standard Time)
[debug] [2018-06-03T22:46:01.164Z] <<< HTTP RESPONSE 200
[info] i  functions: preparing functions directory for uploading...
[debug] [2018-06-03T22:46:01.167Z] >>> HTTP REQUEST GET https://runtimeconfig.googleapis.com/v1beta1/projects/misurata-university-guide/configs  
  
 Mon Jun 04 2018 01:46:01 GMT+0300 (Arab Standard Time)
[debug] [2018-06-03T22:46:02.031Z] <<< HTTP RESPONSE 200
[info] i  functions: packaged functions (48.99 KB) for uploading
[debug] [2018-06-03T22:46:02.430Z] >>> HTTP REQUEST POST https://cloudfunctions.googleapis.com/v1/projects/misurata-university-guide/locations/us-central1/functions:generateUploadUrl  
  
 Mon Jun 04 2018 01:46:02 GMT+0300 (Arab Standard Time)
[debug] [2018-06-03T22:46:33.268Z] <<< HTTP RESPONSE 503
[debug] [2018-06-03T22:46:33.269Z] <<< HTTP RESPONSE BODY {
  "error": {
    "code": 503,
    "message": "The service is currently unavailable.",
    "status": "UNAVAILABLE"
  }
}

[debug] [2018-06-03T22:46:33.271Z] TypeError: Cannot create property 'error' on string '{
  "error": {
    "code": 503,
    "message": "The service is currently unavailable.",
    "status": "UNAVAILABLE"
  }
}
'
    at module.exports (C:\Users\Z-YMAMA\AppData\Roaming\npm\node_modules\firebase-tools\lib\responseToError.js:11:16)
    at Request._callback (C:\Users\Z-YMAMA\AppData\Roaming\npm\node_modules\firebase-tools\lib\api.js:47:25)
    at Request.self.callback (C:\Users\Z-YMAMA\AppData\Roaming\npm\node_modules\firebase-tools\node_modules\request\request.js:185:22)
    at emitTwo (events.js:126:13)
    at Request.emit (events.js:214:7)
    at Request.<anonymous> (C:\Users\Z-YMAMA\AppData\Roaming\npm\node_modules\firebase-tools\node_modules\request\request.js:1157:10)
    at emitOne (events.js:116:13)
    at Request.emit (events.js:211:7)
    at IncomingMessage.<anonymous> (C:\Users\Z-YMAMA\AppData\Roaming\npm\node_modules\firebase-tools\node_modules\request\request.js:1079:12)
    at Object.onceWrapper (events.js:313:30)
[error] 
[error] Error: An unexpected error has occurred.
